#
# There is insufficient memory for the Java Runtime Environment to continue.
# Native memory allocation (mmap) failed to map 134217728 bytes for G1 virtual space
# Possible reasons:
#   The system is out of physical RAM or swap space
#   The process is running with CompressedOops enabled, and the Java Heap may be blocking the growth of the native heap
# Possible solutions:
#   Reduce memory load on the system
#   Increase physical memory or swap space
#   Check if swap backing store is full
#   Decrease Java heap size (-Xmx/-Xms)
#   Decrease number of Java threads
#   Decrease Java thread stack sizes (-Xss)
#   Set larger code cache with -XX:ReservedCodeCacheSize=
#   JVM is running with Unscaled Compressed Oops mode in which the Java heap is
#     placed in the first 4GB address space. The Java Heap base address is the
#     maximum limit for the native heap growth. Please use -XX:HeapBaseMinAddress
#     to set the Java Heap base and to place the Java Heap above 4GB virtual address.
# This output file may be truncated or incomplete.
#
#  Out of Memory Error (os_windows.cpp:3769), pid=15680, tid=17360
#
# JRE version:  (17.0.6+1) (build )
# Java VM: OpenJDK 64-Bit Server VM (17.0.6+1-b653.34, mixed mode, sharing, tiered, compressed oops, compressed class ptrs, g1 gc, windows-amd64)
# No core dump will be written. Minidumps are not enabled by default on client versions of Windows
#

---------------  S U M M A R Y ------------

Command Line: -Dawt.toolkit=com.intellij.desktop.DesktopActionsToolkit -Djava.rmi.server.hostname=127.0.0.1 -Duser.timezone=UTC -Xmx750m -Xms128m --add-exports=java.desktop/sun.awt=ALL-UNNAMED --add-exports=java.desktop/java.awt.peer=ALL-UNNAMED --add-opens=java.desktop/java.awt=ALL-UNNAMED --add-opens=jdk.unsupported/sun.misc=ALL-UNNAMED --add-opens=java.base/java.nio=ALL-UNNAMED --add-opens=java.base/java.util=ALL-UNNAMED -Dfile.encoding=UTF-8 com.intellij.database.remote.RemoteJdbcServer com.mysql.cj.jdbc.Driver

Host: Intel(R) Core(TM) i5-3470 CPU @ 3.20GHz, 4 cores, 7G,  Windows 10 , 64 bit Build 19041 (10.0.19041.2546)
Time: Mon Mar 13 20:36:46 2023 E. South America Standard Time elapsed time: 0.013020 seconds (0d 0h 0m 0s)

---------------  T H R E A D  ---------------

Current thread (0x0000016f21aaa520):  JavaThread "Unknown thread" [_thread_in_vm, id=17360, stack(0x0000002ccf200000,0x0000002ccf300000)]

Stack: [0x0000002ccf200000,0x0000002ccf300000]
Native frames: (J=compiled Java code, j=interpreted, Vv=VM code, C=native code)
V  [jvm.dll+0x683b4a]
V  [jvm.dll+0x842654]
V  [jvm.dll+0x843dfe]
V  [jvm.dll+0x844463]
V  [jvm.dll+0x249b75]
V  [jvm.dll+0x680a19]
V  [jvm.dll+0x674f0a]
V  [jvm.dll+0x309acb]
V  [jvm.dll+0x310f86]
V  [jvm.dll+0x3608ee]
V  [jvm.dll+0x360b1f]
V  [jvm.dll+0x2dfbf8]
V  [jvm.dll+0x2e0b64]
V  [jvm.dll+0x813f41]
V  [jvm.dll+0x36e6a1]
V  [jvm.dll+0x7f347c]
V  [jvm.dll+0x3f0e8f]
V  [jvm.dll+0x3f29d1]
C  [jli.dll+0x526b]
C  [ucrtbase.dll+0x21bb2]
C  [KERNEL32.DLL+0x17614]
C  [ntdll.dll+0x526a1]


---------------  P R O C E S S  ---------------

Threads class SMR info:
_java_thread_list=0x00007ffb5faac058, length=0, elements={
}

Java Threads: ( => current thread )

Other Threads:
  0x0000016f21ae0fa0 GCTaskThread "GC Thread#0" [stack: 0x0000002ccf300000,0x0000002ccf400000] [id=2476]
  0x0000016f21ae7ca0 ConcurrentGCThread "G1 Main Marker" [stack: 0x0000002ccf400000,0x0000002ccf500000] [id=13096]
  0x0000016f21ae86b0 ConcurrentGCThread "G1 Conc#0" [stack: 0x0000002ccf500000,0x0000002ccf600000] [id=2168]

[error occurred during error reporting (printing all threads), id 0xc0000005, EXCEPTION_ACCESS_VIOLATION (0xc0000005) at pc=0x00007ffb5f260797]

VM state: not at safepoint (not fully initialized)

VM Mutex/Monitor currently owned by a thread:  ([mutex/lock_event])
[0x0000016f21aa3d20] Heap_lock - owner thread: 0x0000016f21aaa520

Heap address: 0x00000000d1200000, size: 750 MB, Compressed Oops mode: 32-bit

CDS archive(s) mapped at: [0x0000000000000000-0x0000000000000000-0x0000000000000000), size 0, SharedBaseAddress: 0x0000000800000000, ArchiveRelocationMode: 0.
Narrow klass base: 0x0000000000000000, Narrow klass shift: 0, Narrow klass range: 0x0

GC Precious Log:
<Empty>

Heap:
 garbage-first heap   total 0K, used 0K [0x00000000d1200000, 0x0000000100000000)
  region size 1024K, 0 young (0K), 0 survivors (0K)

[error occurred during error reporting (printing heap information), id 0xc0000005, EXCEPTION_ACCESS_VIOLATION (0xc0000005) at pc=0x00007ffb5f64d939]

GC Heap History (0 events):
No events

Dll operation events (1 events):
Event: 0.007 Loaded shared library D:\IntelliJ IDEA 2022.3.3\jbr\bin\java.dll

Deoptimization events (0 events):
No events

Classes unloaded (0 events):
No events

Classes redefined (0 events):
No events

Internal exceptions (0 events):
No events

VM Operations (0 events):
No events

Events (0 events):
No events


Dynamic libraries:
0x00007ff7b8370000 - 0x00007ff7b837a000 	D:\IntelliJ IDEA 2022.3.3\jbr\bin\java.exe
0x00007ffbbcb30000 - 0x00007ffbbcd28000 	C:\Windows\SYSTEM32\ntdll.dll
0x00007ffbbc7a0000 - 0x00007ffbbc85f000 	C:\Windows\System32\KERNEL32.DLL
0x00007ffbba3b0000 - 0x00007ffbba682000 	C:\Windows\System32\KERNELBASE.dll
0x00007ffbba690000 - 0x00007ffbba790000 	C:\Windows\System32\ucrtbase.dll
0x00007ffbab9d0000 - 0x00007ffbab9eb000 	D:\IntelliJ IDEA 2022.3.3\jbr\bin\VCRUNTIME140.dll
0x00007ffba35c0000 - 0x00007ffba35d7000 	D:\IntelliJ IDEA 2022.3.3\jbr\bin\jli.dll
0x00007ffbbb0a0000 - 0x00007ffbbb241000 	C:\Windows\System32\USER32.dll
0x00007ffbaeb30000 - 0x00007ffbaedca000 	C:\Windows\WinSxS\amd64_microsoft.windows.common-controls_6595b64144ccf1df_6.0.19041.1110_none_60b5254171f9507e\COMCTL32.dll
0x00007ffbba8a0000 - 0x00007ffbba8c2000 	C:\Windows\System32\win32u.dll
0x00007ffbbab80000 - 0x00007ffbbac1e000 	C:\Windows\System32\msvcrt.dll
0x00007ffbbc5a0000 - 0x00007ffbbc5cb000 	C:\Windows\System32\GDI32.dll
0x00007ffbba790000 - 0x00007ffbba89f000 	C:\Windows\System32\gdi32full.dll
0x00007ffbba220000 - 0x00007ffbba2bd000 	C:\Windows\System32\msvcp_win.dll
0x00007ffbbc5d0000 - 0x00007ffbbc602000 	C:\Windows\System32\IMM32.DLL
0x00007ffbaba60000 - 0x00007ffbaba6c000 	D:\IntelliJ IDEA 2022.3.3\jbr\bin\vcruntime140_1.dll
0x00007ffb959b0000 - 0x00007ffb95a3d000 	D:\IntelliJ IDEA 2022.3.3\jbr\bin\msvcp140.dll
0x00007ffb5ef70000 - 0x00007ffb5fbdd000 	D:\IntelliJ IDEA 2022.3.3\jbr\bin\server\jvm.dll
0x00007ffbbac20000 - 0x00007ffbbacce000 	C:\Windows\System32\ADVAPI32.dll
0x00007ffbbc0c0000 - 0x00007ffbbc15c000 	C:\Windows\System32\sechost.dll
0x00007ffbbaf70000 - 0x00007ffbbb095000 	C:\Windows\System32\RPCRT4.dll
0x00007ffbad3a0000 - 0x00007ffbad3a9000 	C:\Windows\SYSTEM32\WSOCK32.dll
0x00007ffbbc730000 - 0x00007ffbbc79b000 	C:\Windows\System32\WS2_32.dll
0x00007ffbb33f0000 - 0x00007ffbb3417000 	C:\Windows\SYSTEM32\WINMM.dll
0x00007ffbb3b30000 - 0x00007ffbb3b3a000 	C:\Windows\SYSTEM32\VERSION.dll
0x00007ffbb7fe0000 - 0x00007ffbb7ff2000 	C:\Windows\SYSTEM32\kernel.appcore.dll
0x00007ffbabaf0000 - 0x00007ffbabafa000 	D:\IntelliJ IDEA 2022.3.3\jbr\bin\jimage.dll
0x00007ffbace80000 - 0x00007ffbad064000 	C:\Windows\SYSTEM32\DBGHELP.DLL
0x00007ffbacd20000 - 0x00007ffbacd55000 	C:\Windows\SYSTEM32\dbgcore.DLL
0x00007ffbba980000 - 0x00007ffbbaa02000 	C:\Windows\System32\bcryptPrimitives.dll
0x00007ffbab870000 - 0x00007ffbab895000 	D:\IntelliJ IDEA 2022.3.3\jbr\bin\java.dll

dbghelp: loaded successfully - version: 4.0.5 - missing functions: none
symbol engine: initialized successfully - sym options: 0x614 - pdb path: .;D:\IntelliJ IDEA 2022.3.3\jbr\bin;C:\Windows\SYSTEM32;C:\Windows\WinSxS\amd64_microsoft.windows.common-controls_6595b64144ccf1df_6.0.19041.1110_none_60b5254171f9507e;D:\IntelliJ IDEA 2022.3.3\jbr\bin\server

VM Arguments:
jvm_args: -Dawt.toolkit=com.intellij.desktop.DesktopActionsToolkit -Djava.rmi.server.hostname=127.0.0.1 -Duser.timezone=UTC -Xmx750m -Xms128m --add-exports=java.desktop/sun.awt=ALL-UNNAMED --add-exports=java.desktop/java.awt.peer=ALL-UNNAMED --add-opens=java.desktop/java.awt=ALL-UNNAMED --add-opens=jdk.unsupported/sun.misc=ALL-UNNAMED --add-opens=java.base/java.nio=ALL-UNNAMED --add-opens=java.base/java.util=ALL-UNNAMED -Dfile.encoding=UTF-8 
java_command: com.intellij.database.remote.RemoteJdbcServer com.mysql.cj.jdbc.Driver
java_class_path (initial): D:\IntelliJ IDEA 2022.3.3\lib\util_rt.jar;D:\IntelliJ IDEA 2022.3.3\lib\3rd-party-rt.jar;D:\IntelliJ IDEA 2022.3.3\lib\groovy.jar;D:\IntelliJ IDEA 2022.3.3\plugins\DatabaseTools\lib\jdbc-console.jar;D:\IntelliJ IDEA 2022.3.3\plugins\grid-core-impl\lib\jdbc-console-types.jar;C:\Users\seiji\AppData\Roaming\JetBrains\IntelliJIdea2022.3\jdbc-drivers\MySQL ConnectorJ\8.0.25\mysql-connector-java-8.0.25.jar
Launcher Type: SUN_STANDARD

[Global flags]
     intx CICompilerCount                          = 3                                         {product} {ergonomic}
     uint ConcGCThreads                            = 1                                         {product} {ergonomic}
     uint G1ConcRefinementThreads                  = 4                                         {product} {ergonomic}
   size_t G1HeapRegionSize                         = 1048576                                   {product} {ergonomic}
    uintx GCDrainStackTargetSize                   = 64                                        {product} {ergonomic}
   size_t InitialHeapSize                          = 134217728                                 {product} {command line}
   size_t MarkStackSize                            = 4194304                                   {product} {ergonomic}
   size_t MaxHeapSize                              = 786432000                                 {product} {command line}
   size_t MinHeapDeltaBytes                        = 1048576                                   {product} {ergonomic}
   size_t MinHeapSize                              = 134217728                                 {product} {command line}
    uintx NonNMethodCodeHeapSize                   = 5832780                                {pd product} {ergonomic}
    uintx NonProfiledCodeHeapSize                  = 122912730                              {pd product} {ergonomic}
    uintx ProfiledCodeHeapSize                     = 122912730                              {pd product} {ergonomic}
    uintx ReservedCodeCacheSize                    = 251658240                              {pd product} {ergonomic}
     bool SegmentedCodeCache                       = true                                      {product} {ergonomic}
   size_t SoftMaxHeapSize                          = 786432000                              {manageable} {ergonomic}
     bool UseCompressedClassPointers               = true                           {product lp64_product} {ergonomic}
     bool UseCompressedOops                        = true                           {product lp64_product} {ergonomic}
     bool UseG1GC                                  = true                                      {product} {ergonomic}
     bool UseLargePagesIndividualAllocation        = false                                  {pd product} {ergonomic}

Logging:
Log output configuration:
 #0: stdout all=warning uptime,level,tags
 #1: stderr all=off uptime,level,tags

Environment Variables:
JAVA_HOME=C:\Program Files\Java\zulu17.38.21-ca-jdk17.0.5-linux_x64
PATH=C:\Windows\system32;C:\Windows;C:\Windows\System32\Wbem;C:\Windows\System32\WindowsPowerShell\v1.0\;C:\Windows\System32\OpenSSH\;C:\Program Files (x86)\NVIDIA Corporation\PhysX\Common;C:\Program Files\Java\zulu17.38.21-ca-jdk17.0.5-linux_x64\bin;C:\Program Files\Git\cmd;C:\Program Files\MongoDB\Server\6.0\bin;;C:\Program Files\Docker\Docker\resources\bin;C:\Users\seiji\AppData\Local\Microsoft\WindowsApps;;C:\Users\seiji\AppData\Local\Programs\Microsoft VS Code\bin
USERNAME=seiji
OS=Windows_NT
PROCESSOR_IDENTIFIER=Intel64 Family 6 Model 58 Stepping 9, GenuineIntel
TMP=C:\Users\seiji\AppData\Local\Temp
TEMP=C:\Users\seiji\AppData\Local\Temp



---------------  S Y S T E M  ---------------

OS:
 Windows 10 , 64 bit Build 19041 (10.0.19041.2546)
OS uptime: 0 days 8:17 hours
Hyper-V role detected

CPU: total 4 (initial active 4) (4 cores per cpu, 1 threads per core) family 6 model 58 stepping 9 microcode 0x21, cx8, cmov, fxsr, mmx, sse, sse2, sse3, ssse3, sse4.1, sse4.2, popcnt, tsc, tscinvbit, avx, aes, erms, clmul, vzeroupper, clflush, hv

Memory: 4k page, system-wide physical 8155M (318M free)
TotalPageFile size 22317M (AvailPageFile size 44M)
current process WorkingSet (physical memory assigned to process): 10M, peak: 10M
current process commit charge ("private bytes"): 51M, peak: 179M

vm_info: OpenJDK 64-Bit Server VM (17.0.6+1-b653.34) for windows-amd64 JRE (17.0.6+1-b653.34), built on 2023-02-24 by "builduser" with MS VC++ 16.10 / 16.11 (VS2019)

END.
